<?xml version="1.0" encoding="UTF-8"?>
<testng-results ignored="0" total="1" passed="1" failed="0" skipped="0">
  <reporter-output>
  </reporter-output>
  <suite started-at="2024-10-28T22:15:01 IST" name="Default suite" finished-at="2024-10-28T22:15:06 IST" duration-ms="5142">
    <groups>
    </groups>
    <test started-at="2024-10-28T22:15:01 IST" name="Default test" finished-at="2024-10-28T22:15:06 IST" duration-ms="5142">
      <class name="Automation.ExtentReports.ExtentReportDemo">
        <test-method is-config="true" signature="ReportSetup()[pri:0, instance:Automation.ExtentReports.ExtentReportDemo@268f106e]" started-at="2024-10-28T22:15:01 IST" name="ReportSetup" finished-at="2024-10-28T22:15:02 IST" duration-ms="435" status="PASS">
          <reporter-output>
          </reporter-output>
        </test-method> <!-- ReportSetup -->
        <test-method signature="initialDemo()[pri:0, instance:Automation.ExtentReports.ExtentReportDemo@268f106e]" started-at="2024-10-28T22:15:02 IST" name="initialDemo" finished-at="2024-10-28T22:15:06 IST" duration-ms="4649" status="PASS">
          <reporter-output>
          </reporter-output>
        </test-method> <!-- initialDemo -->
      </class> <!-- Automation.ExtentReports.ExtentReportDemo -->
    </test> <!-- Default test -->
  </suite> <!-- Default suite -->
</testng-results>
